2019-07-16 15:45:44.229 [main] INFO  com.example.demo.Application -Starting Application on PY-20190401IMGT with PID 12748 (E:\newworkplace\spring.boot.jdbc.autodatasource\target\classes started by Administrator in E:\newworkplace\spring.boot.jdbc.autodatasource)
2019-07-16 15:45:44.237 [main] INFO  com.example.demo.Application -No active profile set, falling back to default profiles: default
2019-07-16 15:45:44.308 [main] INFO  o.s.b.c.e.AnnotationConfigEmbeddedWebApplicationContext -Refreshing org.springframework.boot.context.embedded.AnnotationConfigEmbeddedWebApplicationContext@6cb107fd: startup date [Tue Jul 16 15:45:44 CST 2019]; root of context hierarchy
2019-07-16 15:45:44.947 [main] INFO  c.e.d.d.DynamicDataSourceRegister -Dynamic DataSource Registry
2019-07-16 15:45:46.189 [main] INFO  o.s.b.c.e.t.TomcatEmbeddedServletContainer -Tomcat initialized with port(s): 9010 (http)
2019-07-16 15:45:46.232 [main] INFO  o.a.catalina.core.StandardService -Starting service [Tomcat]
2019-07-16 15:45:46.233 [main] INFO  o.a.catalina.core.StandardEngine -Starting Servlet Engine: Apache Tomcat/8.5.40
2019-07-16 15:45:46.375 [localhost-startStop-1] INFO  o.a.c.c.C.[Tomcat].[localhost].[/] -Initializing Spring embedded WebApplicationContext
2019-07-16 15:45:46.376 [localhost-startStop-1] INFO  o.s.web.context.ContextLoader -Root WebApplicationContext: initialization completed in 2068 ms
2019-07-16 15:45:46.538 [localhost-startStop-1] INFO  o.s.b.w.s.ServletRegistrationBean -Mapping servlet: 'dispatcherServlet' to [/]
2019-07-16 15:45:46.543 [localhost-startStop-1] INFO  o.s.b.w.s.FilterRegistrationBean -Mapping filter: 'characterEncodingFilter' to: [/*]
2019-07-16 15:45:46.544 [localhost-startStop-1] INFO  o.s.b.w.s.FilterRegistrationBean -Mapping filter: 'hiddenHttpMethodFilter' to: [/*]
2019-07-16 15:45:46.544 [localhost-startStop-1] INFO  o.s.b.w.s.FilterRegistrationBean -Mapping filter: 'httpPutFormContentFilter' to: [/*]
2019-07-16 15:45:46.544 [localhost-startStop-1] INFO  o.s.b.w.s.FilterRegistrationBean -Mapping filter: 'requestContextFilter' to: [/*]
2019-07-16 15:45:47.057 [main] INFO  o.s.w.s.m.m.a.RequestMappingHandlerAdapter -Looking for @ControllerAdvice: org.springframework.boot.context.embedded.AnnotationConfigEmbeddedWebApplicationContext@6cb107fd: startup date [Tue Jul 16 15:45:44 CST 2019]; root of context hierarchy
2019-07-16 15:45:47.140 [main] INFO  o.s.w.s.m.m.a.RequestMappingHandlerMapping -Mapped "{[/test],methods=[GET]}" onto public void com.example.demo.controller.TestController.test()
2019-07-16 15:45:47.146 [main] INFO  o.s.w.s.m.m.a.RequestMappingHandlerMapping -Mapped "{[/error]}" onto public org.springframework.http.ResponseEntity<java.util.Map<java.lang.String, java.lang.Object>> org.springframework.boot.autoconfigure.web.BasicErrorController.error(javax.servlet.http.HttpServletRequest)
2019-07-16 15:45:47.147 [main] INFO  o.s.w.s.m.m.a.RequestMappingHandlerMapping -Mapped "{[/error],produces=[text/html]}" onto public org.springframework.web.servlet.ModelAndView org.springframework.boot.autoconfigure.web.BasicErrorController.errorHtml(javax.servlet.http.HttpServletRequest,javax.servlet.http.HttpServletResponse)
2019-07-16 15:45:47.202 [main] INFO  o.s.w.s.h.SimpleUrlHandlerMapping -Mapped URL path [/webjars/**] onto handler of type [class org.springframework.web.servlet.resource.ResourceHttpRequestHandler]
2019-07-16 15:45:47.202 [main] INFO  o.s.w.s.h.SimpleUrlHandlerMapping -Mapped URL path [/**] onto handler of type [class org.springframework.web.servlet.resource.ResourceHttpRequestHandler]
2019-07-16 15:45:47.252 [main] INFO  o.s.w.s.h.SimpleUrlHandlerMapping -Mapped URL path [/**/favicon.ico] onto handler of type [class org.springframework.web.servlet.resource.ResourceHttpRequestHandler]
2019-07-16 15:45:47.599 [main] INFO  o.s.j.e.a.AnnotationMBeanExporter -Registering beans for JMX exposure on startup
2019-07-16 15:45:47.640 [main] INFO  o.s.b.c.e.t.TomcatEmbeddedServletContainer -Tomcat started on port(s): 9010 (http)
2019-07-16 15:45:47.645 [main] INFO  com.example.demo.Application -Started Application in 3.84 seconds (JVM running for 4.263)
2019-07-16 15:45:51.755 [http-nio-9010-exec-3] INFO  o.a.c.c.C.[Tomcat].[localhost].[/] -Initializing Spring FrameworkServlet 'dispatcherServlet'
2019-07-16 15:45:51.755 [http-nio-9010-exec-3] INFO  o.s.web.servlet.DispatcherServlet -FrameworkServlet 'dispatcherServlet': initialization started
2019-07-16 15:45:51.791 [http-nio-9010-exec-3] INFO  o.s.web.servlet.DispatcherServlet -FrameworkServlet 'dispatcherServlet': initialization completed in 35 ms
